Arguments: 
  /usr/local/bin/node /usr/local/bin/yarn add react-native-image-picker

PATH: 
  /usr/local/bin:/usr/bin:/bin:/usr/sbin:/sbin:/Library/TeX/texbin:/Users/Sabrina/Library/Android/sdk/emulator:/Users/Sabrina/Library/Android/sdk/tools:/Users/Sabrina/Library/Android/sdk/tools/bin:/Users/Sabrina/Library/Android/sdk/platform-tools

Yarn version: 
  1.10.1

Node version: 
  8.12.0

Platform: 
  darwin x64

Trace: 
  Error: EACCES: permission denied, mkdir '/Users/Sabrina/Desktop/TGTHR/src/TGTHR/node_modules/expo/node_modules/pretty-format'

npm manifest: 
  {
    "name": "my-new-project",
    "main": "node_modules/expo/AppEntry.js",
    "private": true,
    "scripts": {
      "start": "expo start",
      "android": "expo start --android",
      "ios": "expo start --ios",
      "eject": "expo eject",
      "test": "node ./node_modules/jest/bin/jest.js --watchAll"
    },
    "jest": {
      "preset": "jest-expo"
    },
    "dependencies": {
      "@expo/samples": "2.1.1",
      "expo": "^30.0.1",
      "firebase": "^5.5.8",
      "react": "16.3.1",
      "react-native": "https://github.com/expo/react-native/archive/sdk-30.0.0.tar.gz",
      "react-native-action-button": "^2.8.5",
      "react-native-datepicker": "^1.7.2",
      "react-native-fbsdk": "^0.8.0",
      "react-native-fcm": "^16.2.4",
      "react-native-image-picker": "^0.27.1",
      "react-native-maps": "^0.22.1",
      "react-navigation": "^2.16.0",
      "rn-fetch-blob": "^0.10.13"
    },
    "devDependencies": {
      "jest-expo": "30.0.0"
    }
  }

yarn manifest: 
  No manifest

Lockfile: 
  No lockfile
